 15 2861
Macaca_fascicularis      ---------- ---------- ---------- ---------- ----------
Macaca_mulatta           ---------- ---------- ---------- ---------- ----------
Homo_sapiens             ---------- ---------- ---------- ---------- ----------
Delphinapterus_leucas    ---------- ---------- ---------- ---------- ----------
Bubalus_bubalis          ---------- ---------- ---------- ---------- ----------
Cricetulus_griseus       ---------- ---------- ---------- ---------- ----------
Microtus_ochrogaster     ---------- ---------- ---------- ---------- ----------
Canis_lupus              ---------- ---------- ---------- ---------- ----------
Mouse_p53                ---------- ---------- ---------- ---------- ----------
Gobiocypris_rarus        ---------- ---------- ---------- ---------- ----------
Danio_rerio              ---------- ---------- ---------- ---------- ----------
Oryzias_latipes          ---------- ---------- ---------- ---------- ----------
Bombyx_mori              ---------- ---------- ---------- ---------- ----------
Drosophila_melanogaster  ---------- ---------- ---------- ---------- ----------
Marsupenaeus_japonicus   GAGTCGGGTC TCAGACTTGG AAGTGAGAGG TTATCTAGTG ACGCGCGCCT

                         ---------- ---------- ---------- ---------- ----------
                         ---------- ---------- ---------- ---------- ----------
                         ---------- ---------- ---------- ---------- ----------
                         ---------- ---------- ---------- ---------- ----------
                         ---------- ---------- ---------- ---------- ----------
                         ---------- ---------- ---------- ---------- ----------
                         ---------- ---------- ---------- ---------- --------CG
                         ---------- ---------- ---------- ---------- ----------
                         ---------- ---------- ---------- ---------- ----------
                         ---------- ---------- ---------- ---------- ----------
                         ---------- ---------- ---------- ---------- ----------
                         ---------- ---------- ---------- ---------- ----------
                         ---------- ---------- ---------- ---------- ----------
                         ---------- ---------- ---------- ---------- ----------
                         TGCCTACCTA TGGAAACGTG TTTGTGTCGT GAGCTACTTG GACATACATG

                         ---------- ---------- ---------- ---------- ----------
                         ---------- ---------- ---------- ---------- ----------
                         ---------- ---------- ---------- ---------- ----------
                         ---------- ---------- ---------- ---------- ----------
                         ---------- ---------- ---------- ---------- ----------
                         ---------- ---------- ---------- ---------- ----------
                         CGGGGGTTGC TGGGATAGGG ACTTTCCCCT CCCATGTGGC CGAACCAAAA
                         ---------- ---------- ---------- ---------- ----------
                         ---------- ---------- ---------- ---------- ----------
                         ---------- ---------- ---------- ---------- ----------
                         ---------- ---------- ---------- ---------- ----------
                         ---------- ---------- ---------- ---------- ----------
                         ---------- ---------- ---------- ---------- ----------
                         ---------- ---------- ---------- ---------- ----------
                         CAACGCCCTA AAATAATGAG CTATTTATGC AGCAAGGCGG GATGCAGCGG

                         ---------- ---------- ---------- ---------- ----------
                         ---------- ---------- ---------- ---------- ----------
                         ---------- ---------- ---------- ---------- ----------
                         ---------- ---------- ---------- ---------- ----------
                         ---------- ---------- ---------- ---------- ----------
                         ---------- ---------- ---------- ---------- -----TTGGG
                         AGTTTTGTGC TAGTCCACTG CCACAATTCT GGCTGCAGGT AGCTTTGGGG
                         ---------- ---------- ---------- ---------- ----------
                         ---------- ---------- ---------- ---------- ----------
                         ---------- ---------- ---------- ---------- --------GG
                         ---------- ---------- ---------- ---------- ----------
                         ---------- ---------- ---------- ---------- ----------
                         ---------- ---------- ---------- ---------- ----------
                         ---------- ---------- ---------- ---------- ----------
                         TCGGATTCAG AGCTGCTGTT CGGTGAGGAT GAGTACCACC TGCTCAGGGA

                         ---------- ---------- ---------- ---------- ----------
                         ---------- ---------- ---------- ---------- ----------
                         ---------- ---------- ---------- ---------C GTGCTTTC-C
                         ---------- ---------- ---------- ---------- ----------
                         ---------- ---------- ---------- ---------- ----------
                         ATCAGGGGGC ACCTGGGATC CGGGTCCGGA ATCTACTTCC CAGC-GGG-T
                         ACCACGGGGC ACCTAGCATC CGAATCCGGA ATCCACTTTC CAGCAGGG-T
                         ---------- ---------- ---------- ---------- ----------
                         ---------- ---------- ---------- ---------- -AGGCCCT-C
                         GTGACGTAAG CAGACTCCTC CTTATGGGGA ATCCCCACAA ACTCCACG-C
                         ---------- -----CTGTA ACTA-GGGGA ATCCCCA-AA ACTCCACG-C
                         ---------- ---------- ---------- ---------- --CGTGTT-C
                         ---------- ----ATTAAA TTAATTGAGA GTGTATGAAC GACCTGTAAT
                         ---------- ---------- ---------- ---------- ----------
                         TGACTCTCTC CTGCAACGCT TTGGCTCGGC CAATTTCCAT ACCCTGTTGG

                         ---------- ---------- ---------- ---------- ----------
                         ---------- ---------- ---------- ---------- ----------
                         ACGACGGTGA CACGCTTCCC TGGATTGGCC AGACT-GCCT TCCGGGTCAC
                         ---------- ---------- ---------- ---------- ----------
                         ---------- ---------- ---------- ---------- ----------
                         AACACGCTCC CCCCTGAAGA CCTGAAGCCT GGCT--GACT TCTTGGGTGC
                         GACACGCTTC CC--TGAAGA CCCGAAGCCT GACTT-GACT TCTTGGGTGC
                         -----GCTCC CC--TGAGGT TCGGCACCCA CACT--CCCT TCCCAGGAGC
                         ATCCTCCTCC TTCCCAGCAG GGTGTCACGC TTCTC-CGAA GACTGGATGA
                         GTGGATTTTG CTTTGGGTTT GCAAGAAACA TACTT-TTTT GTTGTGTTGT
                         G-GATTTGCT TTGTGGATGT CCAATAACCT CCTTG-TTTT GGT-CATTCT
                         GACGCTGCAG TCGCCGATTC AAAATATTTT GGCT--TTTG GCTTTTTTGA
                         AATAACTTTT AGTCTAAGTT ACGGTATCCT TGCTGAATTG GAGATAGTGA
                         ---------- -----AAAAT CCAAATAGTC GGTGGCCACT ACGATTCTGT
                         ACGGCCCAGA TGTTGAACCT CCTGTAACCG AGCAGGAAGT TGAAGACCAG

                         -----ATGGA GGAGCCG--- CAGTCAGATC CTAGCATCGA GCCCCCTCTG
                         -----ATGGA GGAGCCG--- CAGTCAGATC CTAGCATCGA GCCCCCTCTG
                         T-GCCATGGA GGAGCCG--- CAGTCAGATC CTAGCGTCGA GCCCCCTCTG
                         -----ATGGA GGAGTCG--- CAGGCAGAAC TCGGCGTGGA GCCCCCTCTG
                         -----ATGGA AGAATCA--- CAGGCAGAAC TCAATGTGGA GCCCCCTCTG
                         T-GCCATGGA GGAGCCA--- CAGTCAGACC TCAGCATCGA GCTCCCTCTG
                         T-TCAATGGA GGAGCCA--- CAGTCAGACC TCAGCATCGA GCCCCCTCTG
                         TCGCGATGCA AGAGCCA--- CAGTCAGAGC TCAATATCGA CCCCCCTCTG
                         CTGCCATGGA GGAGTCA--- CAGTCGGATA TCAGCCTCGA GCTCCCTCTG
                         TTTGGTCAGT AGGGTGAGT- CACTCGAAAA ACATCAACGA ACCATCATCG
                         TTAAGTCGAT CGACTACAT- -ATCCGGGCA AT-CCGAAAG TCGATAATCG
                         AAACGTCTTT CCAGCCTCT- TGGATAATAA ATAGCGTATT GTTGTCGGTG
                         ACTTTATGTT TGTCCTAACC CTGTCTAGTC TGGTTCTTCA TAGAGATCTG
                         AGTTTTTTGT TAGCGAA--- TTTTTAATAT TTAGCCTCCT TCCCCAACAA
                         CAGCAGCAAC AACAACAACA GCAGCAACAA CCACAACC-- ACAACAGCAG

                         AGTCAGGAAA CATT---TTC AGACCTATGG AAACTACTTC CTGAAAACCA
                         AGTCAGGAAA CATT---TTC AGACCTATGG AAACTACTTC CTGAAAACAA
                         AGTCAGGAAA CATT---TTC AGACCTATGG AAACTACTTC CTGAAAACAA
                         AGTCAGGAGA CGTT---TTC AGACTTGTGG AAACTGCTTC CTGAAAACAA
                         AGTCAGGAGA CATT---TTC CGACTTGTGG AACCTACTTC CTGAAAATAA
                         AGCCAGGAGA CATT---TTC AGACCTGTGG AAACTACTTC CTCCAAACAA
                         AGTCAGGAGA CATT---TTC AGACTTGTGG AACCTACTTC CTCCAAACAA
                         AGCCAGGAGA CATT---TTC AGAATTGTGG AACCTGCTTC CTGAAAACAA
                         AGCCAGGAGA CATT---TTC AGGCTTATGG AAACTACTTC CTCCAGAAGA
                         CAGCAAGAGT AACGAGATAA CTGTTTTGGA ATAAGAGGTC AGCAAAGTCA
                         TAGT------ ---------- ---TTAGTGG AGAGGAGGTC GGCAAAATCA
                         CGATTCCCGA CCAT----CA AAGTTGGGAA AGCATGGATC CTGTACCCGA
                         TACTGCAGCA GTGTGTTGTG GTGTCGATGG AATCTGTACC CACTTCACAC
                         GATCGCTTGA TCAGA--TAT AGCCGACTAA GATGTATATA TCACAGCCAA
                         CAGCAGCAGA TTCAGCAACA ACAGCCGGGA CAACAGCCTG CTCCACAAAT

                         CGT-TCTGTC CCCCTTGC-- ---CATCCCA AG---CAGTG GATGAT----
                         CGT-TCTGTC CCCCTTGC-- ---CATCCCA AG---CAGTG GATGAT----
                         CGT-TCTGTC CCCCTTGC-- ---CGTCCCA AG---CAATG GATGAT----
                         CCT-TCTGTC CTCTGAGC-- ---TCTCCCC AG---CCGTG GATGAC----
                         CCT-TCTGTC CTCCGAGC-- ---TCTCTGC AC---CTGTG GATGAC----
                         TGT-TCTGTC CACCTTGC-- ---CGTCATC CGATTCCATT GAAGAG----
                         TGT-TCTGTC CACATCGC-- ---TGTCAGT TGATGCCATG GAAGAT----
                         TGT-TCTGTC TTCGGAGC-- ---TGTGCCC AG---CAGTG GATGAG----
                         TAT-CCTGCC ATCA------ ---CCTCACT GC-----ATG GACGAT----
                         ATT-GTCGCA AGTTTTGCGA ATCTGAAACA GGACATGGCA GAAAATCCGG
                         ATT-CTTGCA A--------- ------AGCA ----ATGGCG CAAAAC---G
                         CCTGCCCGAG AGCCAAGG-- --TTCTTTTC AAGAACTCTG GGAGACT--G
                         TAG-TATTCT CTAATTGCTT AAATGAAACA CGAAATCATG ACATCTCT-T
                         TGT-CGTGGC ACAAAGAAAG CACTGATTCC GAGGATGACT CCACGG----
                         TGCATATCCC ATACAAAATA TCGATAACCA GTTGATCCTG ACGAAT----

                         -TTGATGCTG TCTCCAGACG ATCTTGCACA ATGGTTAACT GA-AGACCCA
                         -TTGATGCTG TCTCCAGACG ATCTTGCACA ATGGTTAACT GA-AGACCCA
                         -TTGATGCTG TCCCCGGACG ATATTGAACA ATGGTTCACT GA-AGACCCA
                         -CTGCTGCTG TCCCCAGAAG ACGTCGCAAA CTGGCTGGAT GA-AC-----
                         -CTGCTCCCG TACACAG--- ATGTTGCCAC CTGGCTGGAT GA-AT-----
                         -CTGTTCCTG TCAGAGA--- ATGTTACAGG CTGGTTAGA- ---AG-----
                         -CTGTTCCTG TCCCAGG--- ATGTTGCAAA CTGGTTAGA- ---AG-----
                         -CTGCTGCTC CCAGAGA--- GCGTCGTGAA CTGGCTAGAC GA-AG-----
                         -CTGTTGCTG CCCCAGG--- ATGTTGAGGA GTTTTTTGA- ---AG-----
                         AGAGTCAAGA GTTTGCTGAC CTCTGGGAGC GGAATCTCAT -----TTCTG
                         ACAGCCAAGA GTTCGCGGAG CTCTGGGAGA AGAATTTGAT AAGTATTCAG
                         TTTATCCTCC GTTGGAAACT TTATCACTTC CAACTGTAAA TGAGC-----
                         GAGGTTGCCA CATGCGAA-G ATGACATAGT GAACATTGAT TTGAACACT-
                         -AGGTCGATA TCAAGGAG-G ATATTCCGAA AACGGTGGAG GT---ATCGG
                         -TCGCACATC CACGGTGA-G ATCTTTCAAA CTGTTCAAGT TCAACAACAG

                         GGTCCAGATG AAGCTCCGAG ----AA---- -----TGTCA GAGGCTGCTC
                         GGTCCAGATG AAGCTCCGAG ----AA---- -----TGTCA GAGGCTGCTC
                         GGTCCAGATG AAGCTCCCAG ----AA---- -----TGCCA GAGGCTGCTC
                         -GTCCAGATG AAGCCCCCCA ----AA---- -----TGCCA GAGCCC----
                         -GTCCGAATG AAGTGCCCCA ----AA---- -----TGCCA GAGCCT----
                         -ACTCAGGTG GAGCGCTCCA ----AGGGGT GGCAGCAGCA GCAGCTTCTA
                         -AGCCAAATG AAGGCCCCCA ----AA---- --TGTCAGCA GCAGCTTCTA
                         -ACTCAGATG ATGCTCCCAG ----GA---- -----TGCCA GCCACTTCT-
                         -GCCCAAGTG AAGCCCTCCG ----AG---- -----TGTCA GGAGCTCCTG
                         CTCCTGAA-G GTAGCCCTTG ---GGACATC A------ATG ATGAGTACC-
                         CCCCCAGGTG GTGGCTCTTG CTGGGACATC ATTAATGATG AGGAGTACT-
                         CCACCGGGTC ATGGGTCGCA ACGGGGGATA TGTTTCTCTT GGATCAAGAC
                         ATACCGGATG AAGCATTGTT TCAAGGGGGG ATACACGATC AAGTTGACAT
                         GATCGGAATT GACCACGGAA CC--CATGGC CTTCTTGCAG GGATTAAACT
                         CCTCAACAGC AGCAGATTCA ---GCAACTG CAGCCTGGCC AGCCAATCCC

                         CCCCCATGGC CCCCACACCA GCAGCTCCTA CACCAGCG-G CCCCTGCAC-
                         CCCCCATGGC CCCCACACCA GCAGCTCCTA CACCGGCG-G CCCCTGCAC-
                         CCCGCGTGGC CCCTGCACCA GCAGCTCCTA CACCGGCG-G CCCCTGCAC-
                         ---------- -CCTGCGCCA GCTGCCCCCA CCCCAGCC-G CCCCAGCAC-
                         ---------- -TCTGCTCCA GCTGCCCCGC CACCAGCC-A CCCCAGCAC-
                         CAGCAGAAGA CCCTGTAACT GAGACTCCTG CACCGGTG-G CCTCTGCAC-
                         CAGCAGAGGA CCCTGTCACT GAGGCCCCCG CACCAGTG-A CCCCTGCAC-
                         ---------- ---------- ---GCCCCCA CA-------G CCCCTGGAC-
                         CAGCACAGGA CCCTGTCACC GAGACCCCTG GGCCAGTG-G CCCCCGCCC-
                         CTCCG----- -TTCGACCCA AGTATTTTT- --AACTTG-A TTTCTGAACA
                         TGCCGGGATC GTTTGACCCC AATTTTTTTG AAAATGTG-C TTGAAGAACA
                         CTCAGTGGGA CCTTCGATGA CAAGATCTTT GACATACC-G ATTGAGCCAG
                         TGGAGTGCTA GATGACATTC CGTACATAAT CAGTGATG-T GTCTAACAA-
                         CCGGGAATCT GATGCAGTTC AGCCAGCAAT CCGTGCTG-C GCGAAATGAT
                         GTGGGATTCT CTTCAAACTC TTGACACTGA AAATGTCGAA GTGTTGCCAA

                         ----CAGCCC CCTCCTGG-C CC-CTGTCAT CCTCTGTC-C CTTCCCAGAA
                         ----CAGCCC CCTCCTGG-C CC-CTGTCAT CCTCTGTC-C CTTCCCAGAA
                         ----CAGCCC CCTCCTGG-C CC-CTGTCAT CTTCTGTC-C CTTCCCAGAA
                         ----CAGCCA CCTCCTGG-C CC-CTGTCGT CCTTTGTC-C CTTCCCAGAA
                         ----CAGCCA CCTCCTGG-C CC-CTGTCAT CCTTTGTC-C CCTCCCAGAA
                         ----CAGCCA CTCCCTGG-C CC-CTCTCAT CTTCTGTC-C CATCCTATAA
                         ----CAGTCA CTTCCTGG-C CC-CTCTCAT CTTCTGTC-C CGTCCCAAAA
                         ----CGGCCC CCTCCTGG-C CC-CTATCAT CCTCTGTC-C CTTCCCCGAA
                         ----CAGCCA CTCCATGG-C CC-CTGTCAT CTTTTGTC-C CTTCTCAAAA
                         GTCTCAGCCA TCCACCTC-C CCACCGACCT CCACTGTC-C CAATTGCCAC
                         GCCTCAGCCA TCCACTCT-C CCACCAACAT CCACTGTT-C CGGAGACAAG
                         TTCCCACCAA CGAAGTAAAC CCGCCACCTA CCACCGTC-C CGGTGACCAC
                         --TTCAAACA ATTCCTTTCC TCTTGGACCC CGAGGACCGC CGCCTCGCAA
                         GCTGCAGGAC ATTCAGATCC AGGCGAACA- -CGCTGCCCA AGCTAGAGAA
                         ACAACAATGT GCCAGTGGGT GGAGTATCAG CTGCCATCAC CTTGATAGAA

                         AACCTACCAT GGCAGCTACG GTTTCCGTCT GGGCTTCCTG CATTCTGGAA
                         AACCTACCAT GGCAGCTACG GTTTCCGTCT GGGCTTCCTG CATTCTGGAA
                         AACCTACCAG GGCAGCTACG GTTTCCGTCT GGGCTTCTTG CATTCTGGGA
                         GACCTACCCT GGCAGCTATG GGTTCCATCT AGGTTTCCTA CATTCCGGAA
                         GACCTACCCT GGCAATTACG GTTTCCGTCT AGGGTTCCTG CATTCCGGAA
                         AACCTTCCAG GGCGACTATG GCTTCCGTCT GGGCTTCCTG CACTCAGGGA
                         AACCTACCAG GGCGAATATG GTTTCCGCCT GGGCTTCCTG CACTCAGGGA
                         GACCTACCCT GGCACCTATG GGTTCCGTTT GGGGTTCCTG CATTCCGGGA
                         AACTTACCAG GGCAACTATG GCTTCCACCT GGGCTTCCTG CAGTCTGGGA
                         GGATTATCCT GGAGACTATG GGTTTAAACT GCAGTTCCCG CAATCAGGCA
                         CGACTATCCC GGCGATCATG GATTTAGGCT CAGGTTCCCG CAGTCTGGCA
                         CGACTACCCG GGAAGCTACG AACTGGAACT TCGTTTTCAA AAATCTGGCA
                         AGACGATCCC GGGCAATACA ACTTCAGCGT CGAAATCCAC AGCAAGGATA
                         TCACAACATC GGTGGTTATT GCTTCAGCAT GG---TTCTG GA---TGAGC
                         GGCTCAGCCA CTTCCTGCCT GGCT--GACT CTACTCTGGC ACATTCGGTG

                         CAGCCAAGTC TGTGACTTGC ACGTACTCCC CTGACCTCAA CAAGATGTTT
                         CAGCCAAGTC TGTGACTTGC ACGTACTCCC CTGACCTCAA CAAGATGTTT
                         CAGCCAAGTC TGTGACTTGC ACGTACTCCC CTGCCCTCAA CAAGATGTTT
                         CAGCCAAGTC TGTAACCTGC ACGTATTCCC CTGCCCTCAA CAAGCTGTTT
                         CAGCCAAGTC TGTGACCTGC ACGTATTCCC CTTCCCTTAA CAAGCTGTTC
                         CGGCCAAATC TGTCACGTGC ACGTACTCCC CTTCCCTAAA TAAGCTATTT
                         CGGCCAAATC TGTCACCTGC ACGTACTCCC CTTCTCTCAA TAAGCTATTC
                         CAGCCAAGTC TGTTACTTGG ACGTACTCCC CTCTCCTCAA CAAGTTGTTT
                         CAGCCAAGTC TGTTATGTGC ACGTACTCTC CTCCCCTCAA TAAGCTATTC
                         CCGCCAAGTC TGTCACCTGC ACGTACTCCC CAGACCTGAA CAAGCTCTTT
                         CAGCAAAATC TGTAACTTGC ACTTATTCAC CGGACCTGAA TAAACTCTTC
                         CTGCAAAGTC TGTGACGTCC ACATACTCTG AAACTTTAAA TAAGCTGTAC
                         CACACAAG-- -AAGAAATTC TTGTTCTCGC ACAAGCTGAA CCGGATCTAC
                         CGCCCAAGTC TCT---TTGG ATGTACTCGA TTCCGCTGAA CAAGCTCTAC
                         CCATCGCTCC AGCCATGGGC TGGTCGTCAC AAATTCGGCA TATCCCTCCC

                         TGCCAGCTGG CCAA------ -GAC----CT GCCCCGTGCA GCTATGGGTT
                         TGCCAGCTGG CCAA------ -GAC----CT GCCCCGTGCA GCTATGGGTT
                         TGCCAACTGG CCAA------ -GAC----CT GCCCTGTGCA GCTGTGGGTT
                         TGCCAGCTGG CCAA------ -GAC----CT GCCCGGTGCA GCTGTGGGTC
                         TGTCAGCTGG CCAA------ -GAC----CT GCCCAGTGCA GCTGTGGGTC
                         TGCCAGCTGG CAAA------ -AAC----AT GCCCTGTGCA GCTGTGGGTC
                         TGCCAGCTGG CAAA------ -AAC----AT GTCCTGTGCA GTTGTGGGTC
                         TGCCAGCTGG CGAA------ -GAC----CT GCCCCGTGCA GCTGTGGGTC
                         TTCCAGCTGG CGAA------ -GAC----GT GCCCTGTGCA GTTGTGGGTC
                         TGCCAGTTGG CGAA------ -AAC----GT GTCCAGTTCA GATGGTGGTG
                         TGTCAGCTGG CAAA------ -AAC----TT GCCCCGTTCA AATGGTGGTG
                         TGCCAGCTTG CAAA------ -AAC----CA GCCCCATAGA AGTCCGGGTG
                         GTGAACATGG AGACC----- -GACTTCGCT GTCCAGTTCA ACTGGGAGCT
                         ATCCGGATGA ACAAGGCCTT CAACGTGGAC GTTCAGTTCA AGTCTAAAAT
                         AACCGGCAAC AAAGACCGCA ACAAGTGGTG CTACAGTCAG GACCTGGGTA

                         GATTCCACA- CCCC-CACCC G-----GCAG CCGCGTCCGC GCCATGGCCA
                         GATTCCACA- CCCC-CACCC G-----GCAG CCGCGTCCGC GCCATGGCCA
                         GATTCCACA- CCCC-CGCCC G-----GCAC CCGCGTCCGC GCCATGGCCA
                         AGCTCACCA- CCCC-CGCCC G-----GCAC CCGGGTCCGC GCCATGGCCA
                         GACTCGCCA- CCCC-CGCCC G-----GCAC CCGCGTCCGC GCCATGGCCA
                         AACTCCACC- CCTC-CACCT G-----GCAC CCGTGTCCGT GCCATGGCCA
                         AGCTCCACA- CCTC-CTCCT G-----GCAC CCGTGTCCGT GCCATGGCCA
                         AGCTCCCCA- CCCC-CACCC A-----ATAC CTGCGTCCGC GCTATGGCCA
                         AGCGCCACA- CCTC-CAGCT G-----GGAG CCGTGTCCGC GCCATGGCCA
                         GACTTTGCC- CCTC-CCCAA G-----GCTC GGTGCTCAGA GCCACAGCCA
                         GACGTTGCC- CCTC-CACAG G-----GCTC CGTGGTTCGA GCCACTGCCA
                         AGCAAGGAG- CCTC-CAAAG G-----GCGC CATTCTCAGG GCCACTGCGG
                         GGTGGACCT- CGCCGTGACG C-----AGAT GTACGTGCGC GCCACCGTCG
                         GCCCATCCAA CCACTTAATT T-----GCGT GTGTTCCTTT GCTTCTCCAA
                         AGCTCTACCT CTGCCCAAAT GTTGCTGTAC CAGTGAATGT GATGTTGGAA

                         TC-TACAAGC AGTC--ACAG CAC-ATGACG GAGGTCGTGA ---GGCGCTG
                         TC-TACAAGC AGTC--ACAG CAC-ATGACG GAGGTCGTGA ---GGCGCTG
                         TC-TACAAGC AGTC--ACAG CAC-ATGACG GAGGTTGTGA ---GGCGCTG
                         TC-TATAAGA AGTC--AGAG TAC-ATGACG GAGGTTGTGA ---GGCGCTG
                         TC-TACAAGA AGTT--GGAG CAC-ATGACG GAGGTTGTGA ---GGCGTTG
                         TC-TACAAGA AGCT--ACAA TAC-ATGACA GAAGTTGTAA ---GACGCTG
                         TC-TACAAGA AGTC--ACAG CAC-ATGACA GAAGTAGTTA ---GACGCTG
                         TC-TATAAGA AGTC--GGAG TTC-GTGACC GAGGTTGTGC ---GGCGCTG
                         TC-TACAAGA AGTC--ACAG CAC-ATGACG GAGGTCGTGA ---GACGCTG
                         TT-TATAAAA AATC--TGAG CAT-GTGGCT GAGGTGGTCC ---GGCGTTG
                         TC-TATAAGA AGTC--CGAG CAT-GTGGCT GAAGTGGTCC ---GCAGATG
                         TC-TACAAGA AGAC--GGAG CAC-GTGGCG GACGTGGTGA ---GGAGGTG
                         TC-TTCGAGG ACGA--GTCC CAG-GCCGAG AAGAGAGTCG ---AGAGATG
                         TGATGTGAGT GCTCCCGTGG TCC-GCTGTC AAAATCACCT T--AGCGTTG
                         GATTGGGTGA ATGCCACCAT CACCATGACA CCAGTGTTCA AGCAAAGCTG

                         CCCCCACCAT GAGC---GCT GCTCAGA--- CAGCGATGGA CTGGCCCCTC
                         CCCCCACCAT GAGC---GCT GCTCAGA--- CAGCGATGGA CTGGCCCCTC
                         CCCCCACCAT GAGC---GCT GCTCAGA--- TAGCGATGGT CTGGCCCCTC
                         TCCCCACCAT GAGC---GCT GCTCTGACTA TAGCGACGGT CTGGCCCCTC
                         TCCCCACCAT GAGC---GCT CCTCTGACTA TAGCGATGGT CTGGCCCCTC
                         CCCTCACCAC GAGC---GCT CCTCCGA--- AGGCGATAGT TTGGCTCCTC
                         CCCCCACCAC GAGC---GCT GCTCCGA--- TGGTGATGGT TTGGCTCCCC
                         CCCCCACCAT GAAC---GCT GCTCTGACAG TAGTGACGGT CTTGCCCCTC
                         CCCCCACCAT GAGC---GCT GCTCCGA--- TGGTGATGGC CTGGCTCCTC
                         CCCCCACCAT GAGA---GAA CACCTGA--- TACTGATGGA TTGGCTCCTC
                         CCCCCATCAT GAGC---GAA CCCCGGA--- TGGAGATAAC TTGGCGCCTG
                         TCCCCACCAC CAAA---AC- ---------- -GAGGACTCT GTGGAGCACC
                         CATCCAGCAC AAACTCTGCA GTTCCGATAA AGGCCAGGAC CGCGTCGTGT
                         AGCCTTTGAC GGCC--AATA ACGCAAAAAT GCGCGAGAGC TTGCTGCGCA
                         CCACCGTACA GAACCAGTGA ACAGGTGCTA CAACTGTAAG AGTATTCAAA

                         CTCAGCACCT TATCCGAGTG GAAGGAAATT TGCGTGTGGA GTATTCGGAT
                         CTCAGCACCT TATCCGAGTG GAAGGAAATT TGCGTGTGGA GTATTCGGAT
                         CTCAGCATCT TATCCGAGTG GAAGGAAATT TGCGTGTGGA GTATTTGGAT
                         CTCAGCATCT GATCCGGGTG GAAGGGAATT TACGTGCTGA GTATTTGGAC
                         CTCAGCACCT TATCCGGGTG GAAGGGAATT TACGCGCAGA GTATTTGGAC
                         CTCAGCATCT TATCCGAGTG GAAGGAAATT TGCATGCCGA GTACCTGGAT
                         CTCAGCATCT CATCCGAGTG GAAGGAAACT TGCGAGCCGA GTATCTGGAT
                         CTCAGCATCT CATCCGAGTG GAAGGAAATT TGCGGGCCAA GTACCTGGAC
                         CCCAGCATCT TATCCGGGTG GAAGGAAATT TGTATCCCGA GTATCTGGAA
                         CTGCTCACCT GATCCGAGTG GAGGGAAACT TGCGTGCTAT TTACAAGGTA
                         CTGGTCATTT GATAAGAGTG GAGGGCAATC AGCGAGCAAA TTACAGGGAA
                         GAAGCCATCT GATTCGGGTG GAGGGCAGCC AGCTGGCCCA GTATTTTGAA
                         CGGAGAACGT GCTGCGCTCG TCGCGGCCCC TGGGCACCAA CGACGTGCAG
                         GCGAGAATCC CAACAGTGTA TATTGTGG-- -AAATGCTCA GGGCAAGGGA
                         ACTGTGATCC AAACTTGGCC GAGCATGTTG TACAGATTGA GGGGGAAGGC

                         GACAGAAACA --CTTTTCGA CATAGTGTGG TGGTGCCCTA TG-------A
                         GACAGAAACA --CTTTTCGA CATAGTGTGG TGGTGCCCTA TG-------A
                         GACAGAAACA --CTTTTCGA CATAGTGTGG TGGTGCCCTA TG-------A
                         GACAGAAACA --CTTTTCGA CACAGCGTGG TGGTGCCCTA CG-------A
                         GACCGGAACA --CCTTTAGA CACAGTGTGG TGGTGCCCTA TG-------A
                         GACAAGCAAA --CATTTCGG CACAGTGTGG TGGTACCATA TG-------A
                         GACAGGCAGA --CTTTTCGG CACAGTGTGG TGGTGCCATA TG-------A
                         GACAGAAACA --CTTTTCGA CACAGTGTGG TGGTGCCTTA TG-------A
                         GACAGGCAGA --CTTTTCGC CACAGCGTGG TGGTACCTTA TG-------A
                         GATGACATCA --CCTCCAGG CACAGTGTAA TGGTTCTCTA TG-------A
                         GATAACATCA --CTTTAAGG CATAGTGTTT TTGTCCCATA TG-------A
                         GACCCTTATA --CCAAAAGG CAGAGTGTTA CAGTTCCTTA TG-------A
                         TACTGCGGCC ACCCGGACGA CCCCGACTAC TGGTACTCCG TGCTGGTGCA
                         ATTTCCGAGC GTTTTTCCGT TGTAGTCCCC CTGAACATGA GCCGGT--CT
                         TGTGAGTACA GCTTTATCAA TGATAGATAC TTGGTTACTG TGCCCCTCCG

                         GCCGCCTGAG GTTGGCTCTG ACTGTACCAC CATCCACTAC AACTACATGT
                         GCCGCCTGAG GTTGGCTCTG ACTGTACCAC CATCCACTAC AACTACATGT
                         GCCGCCTGAG GTTGGCTCTG ACTGTACCAC CATCCACTAC AACTACATGT
                         GCCGCCTGAG GTTGGCTCTG ACTGTACCAC CATCCACTAC AACTTCATGT
                         GTCCCCCGAG ATCGACTCTG AGTGCACCAC CATCCATTAC AACTTCATGT
                         GCCACCTGAG GTTGGCTCTG ACTGTACCAC CATCCATTAC AACTACATGT
                         GCCACCTGAG GTTGGCTCTG ACTGTACCAC CATCCACTAC AACTATATGT
                         GCCACCCGAG GTTGGCTCTG ACTATACCAC CATCCACTAC AACTACATGT
                         GCCACCCGAG GCCGGCTCTG AGTATACCAC CATCCACTAC AAGTACATGT
                         AGCTCCTCAG CTGGGAGCAG GATTTACCAC AGTTCTGTAC AATTACATGT
                         AGCACCACAG CTTGGTGCTG AATGGACAAC TGTGCTACTA AACTACATGT
                         GCCCCCGCAG CCGGGCTCTG AGATGACCAC CATCCTGCTC AGCTACATGT
                         GCTGCCCAAG CCGGGCCGGG AGCCTTGCAC GCACGCCTTC AAGTTCGTCT
                         GTAACCCGCA GTGGGCTCAC GCGCCAG-AC CCTGGCCTTC AAGTTCGTCT
                         CCCCCCACCC CCAGGGGAGG TACCTTCGAC GCTCCTGATC AAGATTATGT

                         GTAACAGTTC CTGCATGGGC GGCATGAACC GGAGGCCCAT CCTTACCATT
                         GTAACAGTTC CTGCATGGGC GGCATGAACC GGAGGCCCAT CCTTACCATT
                         GTAACAGTTC CTGCATGGGC GGCATGAACC GGAGGCCCAT CCTCACCATC
                         GTAACAGCTC CTGCATGGGA GGCATGAACC GGCGGCCCAT CCTCACCATC
                         GTAACAGCTC CTGTATGGGG GGCATGAACC GGCGGCCCAT CCTCACCATC
                         GCAATAGTTC CTGCATGGGG GGCATGAACC GGCGGCCCAT CCTTACCATC
                         GTAATAGCTC CTGCATGGGG GGCATGAACC GCCGGCCCAT CCTCACCATT
                         GTAACAGTTC CTGCATGGGA GGCATGAACC GGCGGCCCAT CCTCACTATC
                         GTAATAGCTC CTGCATGGGG GGCATGAACC GCCGACCTAT CCTTACCATC
                         GCAATAGTAG CTGCATGGGT GGCATGAACC GCCGGCCCAT CCTCACAATC
                         GCAATAGCAG CTGCATGGGG GGGATGAACC GCAGGCCCAT CCTCACAATC
                         GTAACAGCTC GTGCATGGGG GGGATGAACC GCAGACCCAT CCTCACCATC
                         GCAAGAACTC CTGCAGCACC GGCATCAACC GCCGCTCCAT AGCCGTCATC
                         GCCAAAACTC GTGTATCGGG CGAAAAGAA- --------AC TTCCTTAGTC
                         GTCTGACTTC ATGCGTTGGA GGCCCCAACA GACGTCCATT TTGTATTGTT

                         ATCACACTGG AAGACTC--- CAGTGGTAAT CTACTGGGAC GGAACAGCTT
                         ATCACACTGG AAGACTC--- CAGTGGTAAT CTACTGGGAC GGAACAGCTT
                         ATCACACTGG AAGACTC--- CAGTGGTAAT CTACTGGGAC GGAACAGCTT
                         ATCACACTGG AAGACTC--- CAATGGTAAT CTGCTGGGAC GGAACAGCTT
                         ATCACACTGG AAGACTC--- TTGTGGTAAC CTGCTGGGAC GGAACAGCTT
                         ATCACACTGG AAGACCC--- CAGTGGTAAC CTGCTGGGAC GGAACAGCTT
                         ATCACACTGG AAGACCC--- CAGTGGGAAC CTGCTGGGAC GGAACAGCTT
                         ATCACCCTGG AAGACTC--- CAGTGGAAAC GTGCTGGGAC GCAACAGCTT
                         ATCACACTGG AAGACTC--- CAGTGGGAAC CTTCTGGGAC GGGACAGCTT
                         ATCACTCTGG AGACTCA--- GGATGGTCAG ATGCTGGGTC GCAGATCTTT
                         ATCACTCTGG AGACTCA--- GGAAGGTCAG TTGCTGGGCC GGAGGTCTTT
                         CTCACTCTGG AAA---C--- CGAGGGTCTG GTTCTTGGCC GGAGGTGTTT
                         TTCACCCTGG AGAGCGC--- CTCCGGCTCG GTGCTGGGGC GGCAGACGGT
                         TTCTGCCTGG AGAAAGC--- ATGCGGCGAT ATCGTGGGAC AGCATGTTAT
                         CTCACTCTTA GAAACTCTGT CACTGGTGAA GAGATTGGTC GGCAGATCCT

                         TGAGGTGCGA GTTTGTGCCT GTCCTGGGAG AGACCGGCGC ACAGAGGAA-
                         TGAGGTGCGA GTTTGTGCCT GTCCTGGGAG AGACCGGCGC ACAGAGGAA-
                         TGAGGTGCAT GTTTGTGCCT GTCCTGGGAG AGACCGGCGC ACAGAGGAA-
                         TGAGGTGCGT GTTTGTGCGT GTCCTGGGAG AGACCGCCGC ACAGAGGAA-
                         TGAGGTGCGA GTTTGTGCCT GTCCTGGGAG AGACCGCCGC ACTGAGGAA-
                         TGAGGTTCGT ATTTGTGCCT GTCCTGGGAG AGACCGTCGT ACCGAGGAA-
                         TGAGGTTCGT GTTTGTGCCT GTCCTGGGAG AGACCGTCGT ACAGAGGAA-
                         TGAGGTACGC GTTTGTGCCT GTCCCGGGAG AGACCGCCGG ACTGAGGAG-
                         TGAGGTTCGT GTTTGTGCCT GCCCTGGGAG AGACCGCCGT ACAGAAGAA-
                         TGAAGTCCGT GTCTGTGCGT GCCCAGGCAG AGACAGGAAA ACTGAAGAG-
                         TGAGGTGCGT GTGTGTGCAT GTCCAGGCAG AGACAGGAAA ACTGAGGAG-
                         CGAGGTCAGA ATCTGTGCTT GCCCGGGGCG GGACCGCAAA ACGGAGGAG-
                         GGGCGCGCGG GTGTGCTCGT GCACGGCGCG CGACATGTGC AAGGACGAG-
                         ACATGTTAAA ATATGTACGT GCCCCAAGCG GGATCGCATC CAAGACGAAC
                         AGACATTAAA TGCTGCAAGT GCCCATCTCG TGATCTTACT AATGACGAGA

                         GAGA--ATTT CCGCAAGAAA GGGGAG---- ---CCTTGCC A-----CCAG
                         GAGA--ATTT CCGCAAGAAA GGGGAG---- ---CCTTGCC A-----CCAG
                         GAGA--ATCT CCGCAAGAAA GGGGAG---- ---CCTCACC A-----CGAG
                         GAAA--ATTT CCACAAGAAG GGGCAG---- ---TCTTGCC C-----TGAG
                         GAAA--ATTT TCGCAAGAAG GGGCAG---- ---TCTTGCC C-----CGAG
                         AAAA--ATTT CCAGAAAAAA GGAGAA---- ---CCTTGCC C-----AGAG
                         GAAA--ATTT CCGGAAAAAG GGAGAG---- ---CCTCGTC C-----AGAA
                         GAGA--ATTT CCACAAGAAG GGGGAG---- ---CCTTGTC C-----TGAG
                         GAAA--ATTT CCGCAAAAAG GAAGTC---- ---CTTTGCC C-----TGAA
                         AGTA--ACTT CAGGAAAGAC CAGGAGACCA AAACCATGAG C-----AAAA
                         AGCA--ACTT CAAGAAAGAC CAAGAGACCA AAACCATGGC C-----AAAA
                         GAAA--GCCG GCAGAAAACG CA-------- -------GCC C-----AAAA
                         GAGGCGGAGG GCGCGCGCGC GGCCAGGAAG CGGCCCCGCC C-----CGCG
                         GCCAGCTCAA TAGCAAGAAG CGCAAGT--- ---CCGTGCC G-----GAAG
                         AGAGCAGGAC TCCCACAGCT CCGTCTACTC CCTCAGTGGA TGAGGAAAAG

                         CTGCCCCCTG ---------- GGAGCACTAA GCGAGCACTG CCCAACAACA
                         CTGCCCCCTG ---------- GGAGCACTAA GCGAGCACTG CCCAACAACA
                         CTGCCCCCAG ---------- GGAGCACTAA GCGAGCACTG TCCAACAACA
                         CTGCCCACTG ---------- GGAGCGCTAA GCGAGCACTG CCTACCGGCA
                         CCACCCCCTG ---------- GGAGCACTAA GCGAGCACTG CCTACCAACA
                         CTGCCCCCAA ---------- AGAGTGCTAA ACGAGCATTG CCTACCAACA
                         CTGCCGGTGG ---------- GAAGTACTAA GAGAGTGCTG CCCACCAACA
                         CCACCCCCCG ---------- GGAGTACCAA GCGAGCACTG CCTCCCAGCA
                         CTGCCCCCAG ---------- GGAGCGCAAA GAGAGCGCTG CCCACCTGCA
                         CTCCCTCTAC CACCAAACGT GGTATGATTA AAGAATC--- ---AACCATG
                         CCACCACTGG GACCAAACGT AGTTTGGTGA AAGAATCTTC TTCAGCTACA
                         AAA--GGAAG ---------- GTGACACCCA ACACCTCCTC CTCTAAGAGG
                         CAGTCGC--- ---------- GCCTCCTCAA GAAGATCAAG CTGGAGACCG
                         CCGCCGAAGA ------AGAT GAGCCGTCCA AGGTGCGTCG GTGCATTGCT
                         CGGACAAAGG TACGAAAATT GGCCAATGAA ATTGCTGTTG GTCAGAAGCG

                         CCAGCTCCT- --CTCCCCAG CCAAAGAAGA AAC-----CA CTGG-----A
                         CCAGCTCCT- --CTCCCCAG CCAAAGAAGA AAC-----CA CTGG-----A
                         CCAGCTCCT- --CTCCCCAG CCAAAGAAGA AAC-----CA CTGG-----A
                         CCAGCTCCT- --CTCCACCG CAAAAGAAGA AAC-----CA CTGG-----A
                         CCAGCTCCT- --CTCCACAG CAAAAGAAGA AAC-----GA CTGG-----A
                         CAAGCTCCT- --CTCCCCCG CCAAAGAAAA AAA-----CA CTTG-----A
                         CAAGCTC--- ---TCCCCAG CCAAAGAAGA AAC-----CA CTTG-----A
                         CCAGCTCCT- --CTCCCCCG CAAAAGAAGA AGC-----CA CTAG-----A
                         CAAGCGCCT- --CTCCCCCG CAAAAGAAAA AAC-----CA CTTG-----A
                         TCTCGGCCT- --GAGGGGAG CAAAAGGGCA AAACTCAGCG CCAGCAGCGA
                         TTACGACCT- --GAGGGGAG CAAAAAGGCC AAG---GGCT CCAGCAGCGA
                         AAGAAGTCC- --CACTCAAG TGGAGAGGAG GAG------G ACAA------
                         TCGGCGACC- --TGCCC--G TCGACGCCGA GACCCTCACC CTGCCGCCGC
                         ATAAAGACG- --GAGGACAC GGAGAGCAAT GAT-----AG CCGA----GA
                         CAAGAGACCA AAGATCAAAT TAGAACCAGG AACAGACTCC CGGAT---GG

                         TGGAGAATAT TTCACCCTTC AGATCCGTG- GGCGTGAGCG CTTCGAGATG
                         TGGAGAATAT TTCACCCTTC AGATCCGTG- GGCGTGAGCG CTTCGAGATG
                         TGGAGAATAT TTCACCCTTC AGATCCGTG- GGCGTGAGCG CTTCGAGATG
                         TGGAGAATAT TTCACTCTTC AGATCCGTG- GGCGTGAACG CTTTGAGATG
                         TGAAGAGTAT TTCACTCTTC AGATCCGTG- GGCTTAAACG CTATGAGATG
                         TGGAGAATAT TTCACCCTTA AGATCCGAG- GTCATGAGCG CTTCAAGATG
                         TGGAGAATAT TTCACCCTTA AGATCCGTG- GTCGTGAACG CTTCAAGATG
                         TGGAGAATAT TTCACCCTTC AGATCCGTG- GGCGTGAACG CTATGAGATG
                         TGGAGAGTAT TTCACCCTCA AGATCCGCG- GGCGTAAACG CTTCGAGATG
                         TGAAGAAATA TATACCCTGC AGGTGAAGG- GTAAGGAAAG ATTCGACATG
                         TGAGGAGATC TTTACCCTGC AGGTGAGGG- GCAGGGAGCG TTATGAAATT
                         CAGAGAAGTC TTTCATTTTG AGGTTTATG- GGAGGGAGCG CTACGAGTTC
                         TGGAAATTAT CGGAGCCAAA ACGGTGAAG- ACCG-----G CCTGGAAGTG
                         CTGCGACGAC TCCGCCGCAG AGTGGAACGT GTCGCGGACA CCGGATGGCG
                         TGAACATTGC TGTTCCAGTA GAGTATGAGG CCGAAGTGAA ATCTTACATC

                         TTCCGAGAGC TGAATGAGGC CTTGGAACTC AAGGATGCCC AGGCTGGG--
                         TTCCGAGAGC TGAATGAGGC CTTGGAACTC AAGGATGCCC AGGCTGGG--
                         TTCCGAGAGC TGAATGAGGC CTTGGAACTC AAGGATGCCC AGGCTGGG--
                         TTCCGAGAGC TGAATGAGGC CTTGGAGCTG AAGGATGCTC AGGCTGGA--
                         TTCCGAGAGC TGAATGATGC CTTGGAGCTG AAGGATGCTC TGGATGGA--
                         TTTCAAGAGC TGAATGAGGC CTTGGAATTG AAGGATGCTC AGGCTTCA--
                         TTCTCAGAGC TGAATGAGGC CTTAGAATTA AAGGATGCTC AGGATGCA--
                         TTCAGGAATC TGAATGAAGC CTTGGAGCTG AAGGATGCCC AGAGTGGA--
                         TTCCGGGAGC TGAATGAGGC CTTAGAGTTA AAGGATGCCC ATGCTACA--
                         CTGAAGAAAA TTAACGACAG TCTAGAACTC ACTGATGTCG TCCCTCCA--
                         TTAAAGAAAT TGAACGACAG TCTGGAGTTA AGTGATGTGG TGCCTGCC--
                         CTTAAGAAGA TAAACGATGG CCTTGAACTG CTGGAAAAGG AGAGCAAA--
                         ATGCTGCGCA TGATGGAGCA GGCGGCCCAC TTCCACAAGC ACGACCAG--
                         ATT--ACCGT CTGGCTATTA CGTGCCCCAA TAAGGAATGG CTGCTGCA--
                         AATAAGCTCA TTGCTGCCGA TCTGATCAAG AAGTGGCAGC CTGACGCACT

                         -AAAGAACCA GCGGG----- -GAGCAGGGC TCACT--CCA GCCACCTGAA
                         -AAAGAGCCA GCGGG----- -GAGCAGGGC TCACT--CCA GCCACCTGAA
                         -AAGGAGCCA GGGGG----- -GAGCAGGGC TCACT--CCA GCCACCTGAA
                         -AAGGAGCCA GGGGA----- -AAGCAGGGC TCACT--CTA GCCACCTGAA
                         -AGGGAACCA GGGGA----- -AAGCAGGGC TCACT--CTA GCCACCTGAA
                         -AAGGGGTCA GAGGA----- -CAATGGTGC TCACT--CCA GCTACCTGAA
                         -AATGGGTCA GGAGA----- -CAGCAGGGC TCACT--CCA GCTACCTGAA
                         -AAGGAGCCA GGGGG----- -AAGCAGGGC TCACT--CCA GCCACCTGAA
                         -GAGGAGTCT GGAGA----- -CAGCAGGGC TCACT--CCA GCCTCC---A
                         -TGCGACGTG GAAAAA--TA TAGACAGAAA TTGCTCTCCA AAAGCAAGAA
                         -TCAGATGCT GAAAAG--TA TCGTCAGAAA TTCATGACAA AAAACAAAAA
                         -AGTAAAAAC AAAGA---TT CTGGGATGGT CCCCT--CCA GTGGGAAGAA
                         -CTCGCCGCC GACGG----- CTACCAGCGC CGCGTCGCCA GCCTCCGACA
                         -GAGCATCGA GGGCAT--GA TTAAGGAGGC GGCGGCTGAA GTCCTGCGCA
                         CATGTATCCT GAAGAGGAGA GTAACTAAGG TACAACTGAT GTTACCTGTA

                         GTCCAAGAAG GGGCAA---T CTACCTCC-- --CGCCATAA AAAATTCATG
                         GTCCAAGAAG GGGCAA---T CTACCTCC-- --CGCCATAA AAAATTCATG
                         GTCCAAAAAG GGTCAG---T CTACCTCC-- --CGCCATAA AAAACTCATG
                         GTCTAAGAAG GGGCAG---T CTCCCTCC-- --CGCCATAA AAAACTGATG
                         GTCTAAGAAG AGGCCT---T CTCCCTCC-- --TGCCATAA AAAACCAATG
                         GTCCAAGAAG GGCCAG---T CTGCCTCC-- --CGTCTTAA AAAACTAATG
                         GTCCAAGAAG GGCCAG---T CGACCTCC-- --CGTCATAA AAAACTAATG
                         GGCAAAGAAG GGGCAA---T CTACCTCT-- --CGCCATAA AAAACTGATG
                         GCCTA----- GAGCCT---T CCAAGCCT-- --TG--ATCA AGGAGGAAAG
                         GGAAAGAGAT GGCCAAACAC CTGAGCCCAA A-AGAGGGAA AAAACTAATG
                         AGAGA---AT CGTGAATCAT CTGAGCCCAA A-CAGGGAAA GAAGCTGATG
                         GCTGAAGAGC AATTAA---- -AGAACACAT G-CAT-GGAA CAATTTGATT
                         GTACATCGAC ACGC-----T CGACGCCAAA C-CGACGAAA CATGCCAGCG
                         ATCCCAACCA AGAGAA---T CTACGTCG-- C-CATGCCAA CAAATTGCTG
                         TGTTGATATT TTATATATAT GTAACTGAAA CACATCAACA CCAGGTGATC

                         TTCAAGACAG AG---GGGCC TGACTCAGAC TGA------- ----------
                         TTCAAGACAG AG---GGGCC TGACTCAGAC TGA------- ----------
                         TTCAAGACAG AA---GGGCC TGACTCAGAC TGACATTCTC C----ACTTC
                         TTCAAGAGAG AA---GGGCC TGACTCAGAC TGA------- ----------
                         CTCAAGAGAG AG---GGGCC TGACTCAGAC TGA------- ----------
                         ATCAAGAGAG AG---GGGCC TGACTCGGAC TGACTTCCTT CCTAGGCCTC
                         ATCAAGAGAG AG---GGGCC TGACTCAGAC TGACATCCTC C----GCCTC
                         TTCAAGAGAG AA---GGGCC CGACTCAGAC TGACTTCCCC T----GCTTC
                         CCCAAACTGC TA---GCTCC CATCACTTCA TCCCTCCCCT TTTCTGTCTT
                         GTAAAGGATG AG---AAGAG CGATTCTGAC TAAGACGGCA GTGTGCAGA-
                         GTGAAGGACG AAGGAAGAAG CGACTCTGAT TAAGGTGATG GGATGCTAAG
                         TTTCTTCTTC TA-------- CTTCTTGGTT TCATAAATTA CTTTTTTACA
                         AATAGAGACG GTAT-GTGTT TGGAATCGAT ACGGAACATA TCGACGCTTG
                         AGCCTTAAGA AA------CG TGCCTACGAG CTGCCATGAC TTCTGATCTG
                         TGCAAGGAAG AGTTTGGCAC CATTATGAAT TTACAATTGC AGTTGGAATA

                         ---------- ---------- ---------- ---------- ----------
                         ---------- ---------- ---------- ---------- ----------
                         TTGTTCCCCA CTGACAGCCT CCCACCCCCA ---TCTCTCC CTCCCCTGCC
                         ---------- ---------- ---------- ---------- ----------
                         ---------- ---------- ---------- ---------- ----------
                         CTGTCCCCCA CCAGCAACTT CCCAACCCC- ----CACCTC CTTTCCTGAC
                         CTGTCCCCCG TCAGCAACCT CTCATCCCC- ----TTCCTC CTTTCCTGCC
                         CTGTCCTCCC CCAACACGCA CACCCTCAC- ----TCTCGT CCTCCTT---
                         CCTATAGCTA CCTGAAGACC AAGAAGGGC- ----CAGTCT ACTTCCCGCC
                         --AGAAGAAA ATGGAGAGTT TTGTTTTTTT ---ACTGCCT TTGTTTTGCC
                         AGAGAAAGAA ACTGGGAGTT TTGCTCTTTT TGGACTGCCT TT--TTTGCT
                         TTTTTTAAAA TTTGTACTCT TCTTTGTAA- ----CCTATA GTTAATTGGC
                         AAAGGCAAAC TTTGTACTTT ACAGTAGACT -AATTTAAAC TTGAAATACC
                         GTCGACAATC TCCCAGGTAT CAGATACCTT TGAAATGTGT TGCATCTGTG
                         AAGATTAACT TAAAGAACTT CACAATCAAT CTAGAAGTGT GTTGATAAGA

                         ---------- ---------- ---------- ---------- ----------
                         ---------- ---------- ---------- ---------- ----------
                         ATTTTGGGTT TTGGGTCTTT GAAC------ ---CCTTGCT --TGCAATAG
                         ---------- ---------- ---------- ---------- ----------
                         ---------- ---------- ---------- ---------- ----------
                         ATTTTGTCAC TTGGGTGCTT GAAC------ ---CCCGGCT --TGGGTGGA
                         ATTTTGTAAC TTGGGTGCTT G--------- ---------- ---GGTTAAT
                         ---------- ---------- ---------- ---------- ----------
                         ATAAAAAAAC AATGGTCAAG AAAG------ ---TGGGGCC --TGACTCAG
                         TTAATTTGAC CAAAACAC-- --CT------ ---TGTCATA GAGGGAGCAG
                         TTTATTACAC CAAAAAAAAA AGCT------ ---TGTCACA --GGGGTCAT
                         ATGATCAGGA TATTTGTAGC GGGG------ ---GGTCGGC TGGATCACCC
                         TGAAAAAAAA TCTATTTTAT CGAA------ ---TCTAGCT GTAGGATTGA
                         GGGTATACTA CATAGCTATT AGTA------ ---TCTTAAG TTTGTATTAG
                         CTTTACATAT TGCATTCCTT CAAAGACCTG TTTCACTGTT AGGCAGTAAT

                         ---------- ---------- ---------- ---------- ----------
                         ---------- ---------- ---------- ---------- ----------
                         GTGTGCGTCA GAAGCACCCA GGACTTCCAT TTGCTTTGTC CCGGGGCTCC
                         ---------- ---------- ---------- ---------- ----------
                         ---------- ---------- ---------- ---------- ----------
                         TCTGTCATCT CTGATATCTG GGGAGGGTGG TGGGAT-ACA CCAATACACC
                         CCGGTCATCA CCGGTATCTG GGGAGGGTAG TGGGA--ATA CCAGCTCAGC
                         ---------- ---------- ---------- ---------- ----------
                         ACTGA----- ---------- ---------- ---------- ----------
                         TTGGTGAATT GCAGAAACGT TGTATTCCCT CAGTCCTGTA CATCACGATC
                         TTGGGGAACT GC-GATACAT -GTGATCCAT TAGTCCTGTT TGTCATGTTT
                         CCCCAAAACG GCGTTTTTTG TTTTTGTACA AGATTTATTG GGATAAAGGT
                         AATTATTTTA ATAGACCTAG --AGATACAT TTTTTTTGCG CGTCGAATAT
                         TCCTTGTTCG TAAGGCGTTT AACGGTGATA TTCCCCTTTT GGCATGTTCG
                         CTTTTATATT TAAGTTTTTA AATACCAGTG TTGAATATTG CAAAAGAAAT

                         ---------- ---------- ---------- ---------- ----------
                         ---------- ---------- ---------- ---------- ----------
                         ACTGAACAAG TTG-GCCTGC ACTGGTGTTT TGTTGTGGGG AGGAGGATGG
                         ---------- ---------- ---------- ---------- ----------
                         ---------- ---------- ---------- ---------- ----------
                         ATCTTAGCTT TTA-GG-ATT CTGGCCATGA GGAAAGGAAG AAAATTCTCA
                         TTTTAGGATT CTG-ACCATG AGAGTCTTGA AGAGAGGAAG AAAACTCTTG
                         ---------- ---------- ---------- ---------- ----------
                         ---------- ---------- ---------- ---------- ----------
                         ATCTTTACTC CAATGGGACC TGTGTAAGTC AGCTGATCCA GAAAAGTTCT
                         CTTCTTGTTC ---------- ------ACTC CACTGG---- ---GACCTTT
                         AATTTGTCCT CAGTATAACA AATAATGAGT AGGGGATAAA ACTTCAGTTT
                         AGTTATTGCC TATCAT-TTA TGTACAAAGC AGCTATTGTC GCTTAGTCAC
                         ATGGCCGAAA AGAAAACATT TTTATATTTT TGATAGTATA CTGTTGTTAA
                         GTTTAGTTTA GGTAAGCATA ATTCATTTTA AGCCATTGTT CATAATTTGT

                         ---------- ---------- ---------- ---------- ----------
                         ---------- ---------- ---------- ---------- ----------
                         GGAGTAGGAC ATACCAGCTT AGATTTTAAG GTTTTTACTG TGAGGGA-TG
                         ---------- ---------- ---------- ---------- ----------
                         ---------- ---------- ---------- ---------- ----------
                         ATAGGTGGTG TTGGAATTTA CAATTGGCCA TGTGCAATTG TGAGGCC-CC
                         -TTGGTGGGG TTGGAGCTTG CAGTTGGCCG TGTGCTTGGC TGTGTAC-AG
                         ---------- ---------- ---------- ---------- ----------
                         ---------- ---------- ---------- ---------- ----------
                         GTATGAGTAA GGCTAGTAAT AGCTGGGTGC TATAGAAGTG TAGTGCT-CT
                         GTT------- ---------- -GCTGGACAC TG--ATTTTG CAGTGTT-TT
                         GTTCTGTTTT GAGAAATAAT AGTGCAGCAC TTTGGTTTAA TGGACCAATG
                         GTTTGCCTTT CAAGCGTCGA TAGACGAATT ATTTTTGGCA TTGCTAA-AG
                         CTGCAGTTCT ---ATGTGAC TACGTAACTT TTGTCTACCA CAACAAACAT
                         AATCAAGTGT ATTTCATTTT CTTCAAAAAG AGATCTTCAT TTTCATTAGT

                         ---------- ---------- ---------- ---------- ----------
                         ---------- ---------- ---------- ---------- ----------
                         TTTGGGAGAT GTAAGAAATG TTCTTGCAGT TAAGGGTTAG TTTACAATCA
                         ---------- ---------- ---------- ---------- ----------
                         ---------- ---------- ---------- ---------- ----------
                         ACCCAATTCT CTAAGAAAGC CATCTGAGTT TACTTTCTCC TGACTTGAA-
                         TGGTGAGGCC CCACCCAGT- --TCTGAGTT TACTTTCTCC CAACTTGAAC
                         ---------- ---------- ---------- ---------- ----------
                         ---------- ---------- ---------- ---------- ----------
                         TTCAGCACTG G--AGGAGCA ATACTGGCCC TTCATTTTGC AGACCTGATA
                         ACCAGCACTG GCGAGGGCTA AGACTAGCCT GACGTTTTAC AGACCCGTTA
                         TTTTAGTTCG ACACTGACCA CACATTTAGA GGCATTTTTG TCTTCCAGTA
                         TCCATGGGCG ACGGTAACCA CTCACCATCA GGTGGGCCGT AGGCTCGTCT
                         ACTCTGTACA AAAAAGCCAA AAGTGAATTT ATTAAAGAGT TGTCATATTT
                         TTTTTTTTTT TCACAGAACA TTCCGGTTTA TTTGAAATTT GTGATTAAAC

                         ---------- ---------- ---------- ---------- ----------
                         ---------- ---------- ---------- ---------- ----------
                         GCCACATTCT AGGTAGGGGC CCACTTCACC GTACTAACCA GGGAAGCTGT
                         ---------- ---------- ---------- ---------- ----------
                         ---------- ---------- ---------- ---------- ----------
                         AGCCACATCT ATAAAATGCA GATGAGCATA CCTGACTTCT CAGGGTTTGT
                         AACCGCATCT ATAAAATGCA GATCAGCCTG TCTG-CTCCT CAGGGTTTGT
                         ---------- ---------- ---------- ---------- ----------
                         ---------- ---------- ---------- ---------- ----------
                         AATCAATGTC CAGCAATGAG GCTTAACCGT GTGTGGAATT TTCTTCTTGT
                         AATGAACGTT CAGGAACGAA GTTTACCTGT G------ACT TT--------
                         TGCTTATATT TTATTAT-AA TCTTAGTTCT GTATGAGTTT CACACTTATA
                         GCCTACAAGG GCAATAAA-- ---------- ---------- ----------
                         TGCAAACAT- ---------- ---------- ---------- ----------
                         ACATAGTATG TAAGTGCATG ACAAAGTGAG AT-TGAATTT GATTCCAAAG

                         ---------- ---------- ---------- ---------- ----------
                         ---------- ---------- ---------- ---------- ----------
                         CCCTCACTGT TGAATTTTCT CTAACTTCAA GGCCCATATC TGTGAAATGC
                         ---------- ---------- ---------- ---------- ----------
                         ---------- ---------- ---------- ---------- ----------
                         TGTGTACTTG TGATACTTGT CCCTTCCGCA CCATTT-ATT ACCTTGTGGC
                         T--------G TGATACTTGT CCCTTCCAGA CCTTTTTATT ACCTTGTGGC
                         ---------- ---------- ---------- ---------- ----------
                         ---------- ---------- ---------- ---------- ----------
                         TGTAGGTCAG TGCAGGTCAC TTTCCACCTA ACACTTAGTA TCTTCCACTA
                         TGTAAATTG- ---------- ---------- ---------- ----------
                         TATATATATG TGTATATTTT TTGTCATTTG TAA--TGATT TACTTTTTTT
                         ---------- ---------- ---------- ---------- ----------
                         ---------- ---------- ---------- ---------- ----------
                         CAAATCTGTG TATTGGTATT TTTGTATTTT ACAAAATAAT TGTTATTGTG

                         ---------- ---------- ---------- ---------- ----------
                         ---------- ---------- ---------- ---------- ----------
                         TGGCATTTGC ACCTACCTCA CAGAGTGCAT TGTGAGGGTT AATGAAATAA
                         ---------- ---------- ---------- ---------- ----------
                         ---------- ---------- ---------- ---------- ----------
                         CTGGACTCAG CCCCCTCTGT GAGTGCTGGT TCCTGGC-CC TGTTGGGGGA
                         TGGGACTC-G TGCCCCCTCT GAGTG--AGT TCCTGGCACC TGTTGGGGGA
                         ---------- ---------- ---------- ---------- ----------
                         ---------- ---------- ---------- ---------- ----------
                         AAGGAGTTTG CCACTTTTTT TGAAAATGTA GTTATGCCAG TATTTTGTAA
                         ---------- ---------- TAATAATGCC AGTATTCGGT TGTTTTGTAA
                         TTTGTACCAA ATTCCTTGTT AAATAAAGTT TTTCTGCTCC AGAAAAAAAA
                         ---------- ---------- ---------- ---------- ----------
                         ---------- ---------- ---------- ---------- ----------
                         TCAAGATAAA GCCATTTGCT TTGGAATAGT GATTGTTTTA TATTAGTCAA

                         ---------- ---------- ---------- ---------- ----------
                         ---------- ---------- ---------- ---------- ----------
                         TGTACATCTG GCCTTGAAAC CACCTTTTAT TACATGGGGT CTAGAACTTG
                         ---------- ---------- ---------- ---------- ----------
                         ---------- ---------- ---------- ---------- ----------
                         TGGGTTGGTA GCTGCCAGGT CTCTGCTGGC C-AGCGAAAT CCTATCCAGC
                         TGGGTTGGTA GTTGCCAGGT CTCTGCTGGC CCAGCGAAAT CCTATCCAGC
                         ---------- ---------- ---------- ---------- ----------
                         ---------- ---------- ---------- ---------- ----------
                         CCTGTTGTGT GTTTTGTAAC CAGCTTTTTT TAAGGAAAGA GTAT--GAAT
                         GCAGCATTTT TTTTTAT--- ----TTTTAT AAAGAAATGA GTATTAGACT
                         AAA------- ---------- ---------- ---------- ----------
                         ---------- ---------- ---------- ---------- ----------
                         ---------- ---------- ---------- ---------- ----------
                         ATAGAACATT TACTTGATTA ATTATGTCCC AGAGAAGATA TTATATAAAG

                         ---------- ---------- ---------- ---------- ----------
                         ---------- ---------- ---------- ---------- ----------
                         ACCCCCTTGA GGGTGCTTGT TCCCTCTCCC TGTTGGTCGG TGGGTTGGTA
                         ---------- ---------- ---------- ---------- ----------
                         ---------- ---------- ---------- ---------- ----------
                         CACTTGATGG ACCCTGGCAC CTAAAATGAA ATTTCACCCC CCCGATTCG-
                         CACTTGTTGG ACCCTGGCAC CTAAAATGAA ATCTCACCCC ACCC-TCCAC
                         ---------- ---------- ---------- ---------- ----------
                         ---------- ---------- ---------- ---------- ----------
                         AATTAGATGA AACAAGCAGC ACTGGTTACA AGCCAAAAAC TAATAACTAA
                         AATTGGAACA AACCATCGGA ATTGGTTGCA AGCCGATTAT --GTAATAAA
                         ---------- ---------- ---------- ---------- ----------
                         ---------- ---------- ---------- ---------- ----------
                         ---------- ---------- ---------- ---------- ----------
                         TAGTTAGGTA GGTAGGTGAT AGCAAATAGA CTTGTTTTGA CTGTCAATTC

                         ---------- ---------- ---------- ---------- ----------
                         ---------- ---------- ---------- ---------- ----------
                         GTTTCTACAG TTGGGCAGCT GGTTAGGTAG AGGGAGTTGT CAAGTCTCTG
                         ---------- ---------- ---------- ---------- ----------
                         ---------- ---------- ---------- ---------- ----------
                         ---------- ---------- ---------- ---------- ----------
                         CCTGTAAGAT TCTATCTTGG GCTCTCGTAG GGTCTGTATC CACCAAGACC
                         ---------- ---------- ---------- ---------- ----------
                         ---------- ---------- ---------- ---------- ----------
                         GTAAAAAAAG CAACACTGTA TTTTGTATTT GGAATCCTTT TTAAGTTAAT
                         AATACCAAAG CAAAACCG-- TTTTGTATCT TATATT-TTT TTATGTTAAT
                         ---------- ---------- ---------- ---------- ----------
                         ---------- ---------- ---------- ---------- ----------
                         ---------- ---------- ---------- ---------- ----------
                         TTTATTCTTT ACTAGGATCA GTTTCTGTAT AATATTTTGA ATAAAGGTTG

                         ---------- ---------- ---------- ---------- ----------
                         ---------- ---------- ---------- ---------- ----------
                         CTGGCCCAGC CAA--ACCCT GTCTGACAAC CTCTTGGTGA ACCTTAGTAC
                         ---------- ---------- ---------- ---------- ----------
                         ---------- ---------- ---------- ---------- ----------
                         ---------- ---------- ---------- ---------- ----------
                         CGTGTTCTTT CCA--CCCTC GGTTCAGGAT CAGTTTCTCT GAACTCTGCC
                         ---------- ---------- ---------- ---------- ----------
                         ---------- ---------- ---------- ---------- ----------
                         TTGTTCCTAT TCATTACAGT TGACGCCATC TTTATATCTT AATGTATGAA
                         T--------- -----ACTGC TGTTCCTATT TTTGTATTTT AGCTAATAAG
                         ---------- ---------- ---------- ---------- ----------
                         ---------- ---------- ---------- ---------- ----------
                         ---------- ---------- ---------- ---------- ----------
                         ACAATAAGAA AAAAAAAAAA AAAAAAAAAA AAAA------ ----------

                         ---------- ---------- ---------- ---------- ----------
                         ---------- ---------- ---------- ---------- ----------
                         CTAAAAGGAA ATCTCACCCC ATCCCACACC CTGGAGGATT TCATCTCTTG
                         ---------- ---------- ---------- ---------- ----------
                         ---------- ---------- ---------- ---------- ----------
                         ---------- ---------- ---------- ---------- ----------
                         TGGCCTTTGT GCATTTACCA CCACCCCCTT TCCCTTTTTA TACCCCCTTT
                         ---------- ---------- ---------- ---------- ----------
                         ---------- ---------- ---------- ---------- ----------
                         AGAATACACC AGCTTTGATT TGCCTTGCTA AAAGAGTAGA AGATGGGTCG
                         AGAAGCTGCC CTTTATAACA CGCTTTT--- ---------- AGAT------
                         ---------- ---------- ---------- ---------- ----------
                         ---------- ---------- ---------- ---------- ----------
                         ---------- ---------- ---------- ---------- ----------
                         ---------- ---------- ---------- ---------- ----------

                         ---------- ---------- ---------- ---------- ----------
                         ---------- ---------- ---------- ---------- ----------
                         TATATGATGA TCTGGATCCA CCAAGACTTG TTTTATGCTC AGGGTCAATT
                         ---------- ---------- ---------- ---------- ----------
                         ---------- ---------- ---------- ---------- ----------
                         ---------- ---------- ---------- ---------- ----------
                         TATATATCGA TCTCTTATTT TACAATAAAA TTTTTTGTTA T---------
                         ---------- ---------- ---------- ---------- ----------
                         ---------- ---------- ---------- ---------- ----------
                         AGAAGGTTAT TAAACCTTTA CATTGGTCTG AATATCATAT TCTGCCATTT
                         ---------- ---------- --TTAGTACA ACCATTGTTC TTTTTCAATT
                         ---------- ---------- ---------- ---------- ----------
                         ---------- ---------- ---------- ---------- ----------
                         ---------- ---------- ---------- ---------- ----------
                         ---------- ---------- ---------- ---------- ----------

                         ---------- ---------- ---------- ---------- ----------
                         ---------- ---------- ---------- ---------- ----------
                         TCTTTTTTCT TTTTTTTTTT TTTTTTCTTT TTCTTTGAGA CTGGGTCTCG
                         ---------- ---------- ---------- ---------- ----------
                         ---------- ---------- ---------- ---------- ----------
                         ---------- ---------- ---------- ---------- ----------
                         ---------- ---------- ---------- ---------- ----------
                         ---------- ---------- ---------- ---------- ----------
                         ---------- ---------- ---------- ---------- ----------
                         GAAGTACTAC TTGATTTACT CCTATTATTT GTTGTTTTGA GTAAGATGGT
                         GAAGTAGTTG TTGATTTACT CTTGTGATT- GTTGTT--GA GTAATGTGGC
                         ---------- ---------- ---------- ---------- ----------
                         ---------- ---------- ---------- ---------- ----------
                         ---------- ---------- ---------- ---------- ----------
                         ---------- ---------- ---------- ---------- ----------

                         ---------- ---------- ---------- ---------- ----------
                         ---------- ---------- ---------- ---------- ----------
                         CTTTGTTGCC CAGGCTGGAG TGGAGTGGCG TGATCTTGGC TTACTGCAGC
                         ---------- ---------- ---------- ---------- ----------
                         ---------- ---------- ---------- ---------- ----------
                         ---------- ---------- ---------- ---------- ----------
                         ---------- ---------- ---------- ---------- ----------
                         ---------- ---------- ---------- ---------- ----------
                         ---------- ---------- ---------- ---------- ----------
                         TCAGATTAAA CTCATAACTG GCCAGTCAGG TTTACCATG- --------AA
                         ACAGAT-AAG CTCATAAGTG GCCAGTCTGT TTTGACATGT GCTTGTGCAA
                         ---------- ---------- ---------- ---------- ----------
                         ---------- ---------- ---------- ---------- ----------
                         ---------- ---------- ---------- ---------- ----------
                         ---------- ---------- ---------- ---------- ----------

                         ---------- ---------- ---------- ---------- ----------
                         ---------- ---------- ---------- ---------- ----------
                         CTTTGCCTCC CCGGCTCGAG CAGTCCTGCC TCAGCCTCCG GAGTAGCTGG
                         ---------- ---------- ---------- ---------- ----------
                         ---------- ---------- ---------- ---------- ----------
                         ---------- ---------- ---------- ---------- ----------
                         ---------- ---------- ---------- ---------- ----------
                         ---------- ---------- ---------- ---------- ----------
                         ---------- ---------- ---------- ---------- ----------
                         ATGACTGTTG A---GGTGT- --AGTGGTTA TGGGTTGGAT GCTTAACCT-
                         ATGGTTATGG ATTGGATGTC TAAATATGAG CAAATGAAAT GTCAAATACT
                         ---------- ---------- ---------- ---------- ----------
                         ---------- ---------- ---------- ---------- ----------
                         ---------- ---------- ---------- ---------- ----------
                         ---------- ---------- ---------- ---------- ----------

                         ---------- ---------- ---------- ---------- ----------
                         ---------- ---------- ---------- ---------- ----------
                         GACCACAGGT TCATGCCACC ATGGCCAGCC AACTTTTGCA TGTTTTGTAG
                         ---------- ---------- ---------- ---------- ----------
                         ---------- ---------- ---------- ---------- ----------
                         ---------- ---------- ---------- ---------- ----------
                         ---------- ---------- ---------- ---------- ----------
                         ---------- ---------- ---------- ---------- ----------
                         ---------- ---------- ---------- ---------- ----------
                         -----CATGT TTGAGTCCCT CCTGGTAACC TTGATAAAAC TTTTTCTACT
                         CAGGGCATGT ACAAGTCCCT CCTGGAAATC TTGATAAAAC TCTT-CTACT
                         ---------- ---------- ---------- ---------- ----------
                         ---------- ---------- ---------- ---------- ----------
                         ---------- ---------- ---------- ---------- ----------
                         ---------- ---------- ---------- ---------- ----------

                         ---------- ---------- ---------- ---------- ----------
                         ---------- ---------- ---------- ---------- ----------
                         AGATGGGGTC TCACAGTGTT GCCCAGGCTG GTCTCAAACT CCTGGGCTCA
                         ---------- ---------- ---------- ---------- ----------
                         ---------- ---------- ---------- ---------- ----------
                         ---------- ---------- ---------- ---------- ----------
                         ---------- ---------- ---------- ---------- ----------
                         ---------- ---------- ---------- ---------- ----------
                         ---------- ---------- ---------- ---------- ----------
                         GTTCTAATTT GCTATAGATT TT-------T GTTTCCTTTT GTTACTGTAG
                         GTTTTA-CCT GCTATAGATT TTATGCTGGT TTTGTTTCTT ATTACTGTTT
                         ---------- ---------- ---------- ---------- ----------
                         ---------- ---------- ---------- ---------- ----------
                         ---------- ---------- ---------- ---------- ----------
                         ---------- ---------- ---------- ---------- ----------

                         ---------- ---------- ---------- ---------- ----------
                         ---------- ---------- ---------- ---------- ----------
                         GGCGATCCAC CTGTCTCAGC CTCCCAGAGT GCTGGGATTA CAATTGTGAG
                         ---------- ---------- ---------- ---------- ----------
                         ---------- ---------- ---------- ---------- ----------
                         ---------- ---------- ---------- ---------- ----------
                         ---------- ---------- ---------- ---------- ----------
                         ---------- ---------- ---------- ---------- ----------
                         ---------- ---------- ---------- ---------- ----------
                         ACTTTTATTT ACCTTTATAC ATATATATAT ACACATGCAT TTATTTGTAC
                         ACACGCATTT GCCTTT---T ATAAATATAT AAGCGTGCAT TTATTTGTAG
                         ---------- ---------- ---------- ---------- ----------
                         ---------- ---------- ---------- ---------- ----------
                         ---------- ---------- ---------- ---------- ----------
                         ---------- ---------- ---------- ---------- ----------

                         ---------- ---------- ---------- ---------- ----------
                         ---------- ---------- ---------- ---------- ----------
                         CCACCACGTC CAGCTGGAAG GGTCAACATC TTTTACATTC TGCAAGCACA
                         ---------- ---------- ---------- ---------- ----------
                         ---------- ---------- ---------- ---------- ----------
                         ---------- ---------- ---------- ---------- ----------
                         ---------- ---------- ---------- ---------- ----------
                         ---------- ---------- ---------- ---------- ----------
                         ---------- ---------- ---------- ---------- ----------
                         CTGG------ ------TGAT TTTTTTTTTT AAATACATGC TTTTTAAAAA
                         CTAGCTGAAT CATTTATAAT TTTTCTTTTT AAGAGAAATG TTTTAAAATA
                         ---------- ---------- ---------- ---------- ----------
                         ---------- ---------- ---------- ---------- ----------
                         ---------- ---------- ---------- ---------- ----------
                         ---------- ---------- ---------- ---------- ----------

                         ---------- ---------- ---------- ---------- ----------
                         ---------- ---------- ---------- ---------- ----------
                         TCTGCATTTT CACCCCACCC TTCCCCTCCT TCTCCCTTTT TATATCCCAT
                         ---------- ---------- ---------- ---------- ----------
                         ---------- ---------- ---------- ---------- ----------
                         ---------- ---------- ---------- ---------- ----------
                         ---------- ---------- ---------- ---------- ----------
                         ---------- ---------- ---------- ---------- ----------
                         ---------- ---------- ---------- ---------- ----------
                         -----TTCAA AAAAAAAAAA ---------- ---------- ----------
                         CACTCTTTAA AAAAAAAAAA AAAAAAAAAA AAA------- ----------
                         ---------- ---------- ---------- ---------- ----------
                         ---------- ---------- ---------- ---------- ----------
                         ---------- ---------- ---------- ---------- ----------
                         ---------- ---------- ---------- ---------- ----------

                         ---------- ---------- ---------- ---------- ----------
                         ---------- ---------- ---------- ---------- ----------
                         TTTTATATCG ATCTCTTATT TTACAATAAA ACTTTGCTGC CAAAAAAAAA
                         ---------- ---------- ---------- ---------- ----------
                         ---------- ---------- ---------- ---------- ----------
                         ---------- ---------- ---------- ---------- ----------
                         ---------- ---------- ---------- ---------- ----------
                         ---------- ---------- ---------- ---------- ----------
                         ---------- ---------- ---------- ---------- ----------
                         ---------- ---------- ---------- ---------- ----------
                         ---------- ---------- ---------- ---------- ----------
                         ---------- ---------- ---------- ---------- ----------
                         ---------- ---------- ---------- ---------- ----------
                         ---------- ---------- ---------- ---------- ----------
                         ---------- ---------- ---------- ---------- ----------

                         ---------- -
                         ---------- -
                         AAAAAAAAAA A
                         ---------- -
                         ---------- -
                         ---------- -
                         ---------- -
                         ---------- -
                         ---------- -
                         ---------- -
                         ---------- -
                         ---------- -
                         ---------- -
                         ---------- -
                         ---------- -
